<?xml version="1.0" encoding="UTF-8"?>
<!-- Generated by org.testng.reporters.JUnitReportReporter -->
<testsuite hostname="ashaarun" name="com.training.sanity.tests.ReturnsTests" tests="1" failures="0" timestamp="14 Jun 2019 07:54:38 GMT" time="18.490" errors="0">
  <testcase name="validLoginTest" time="18.490" classname="com.training.sanity.tests.ReturnsTests"/>
</testsuite> <!-- com.training.sanity.tests.ReturnsTests -->
