<?xml version="1.0" encoding="UTF-8"?>
<!-- Generated by org.testng.reporters.JUnitReportReporter -->
<testsuite skipped="0" hostname="ashaarun" name="com.training.sanity.tests.Complex3Tests" tests="1" failures="0" timestamp="28 Jun 2019 09:26:09 GMT" time="42.233" errors="0">
  <testcase name="validLoginTest" time="42.233" classname="com.training.sanity.tests.Complex3Tests"/>
</testsuite> <!-- com.training.sanity.tests.Complex3Tests -->
