<?xml version="1.0" encoding="UTF-8"?>
<!-- Generated by org.testng.reporters.JUnitReportReporter -->
<testsuite hostname="ashaarun" name="com.training.sanity.tests.Medium2Test" tests="1" failures="0" timestamp="21 Jun 2019 08:17:14 GMT" time="39.944" errors="0">
  <testcase name="validLoginTest" time="39.944" classname="com.training.sanity.tests.Medium2Test"/>
</testsuite> <!-- com.training.sanity.tests.Medium2Test -->
