<?xml version="1.0" encoding="UTF-8"?>
<!-- Generated by org.testng.reporters.JUnitReportReporter -->
<testsuite skipped="0" hostname="ashaarun" name="com.training.regression.tests.Complex1DBTest" tests="1" failures="0" timestamp="01 Jul 2019 04:19:41 GMT" time="41.616" errors="0">
  <testcase name="loginDBTest" time="41.616" classname="com.training.regression.tests.Complex1DBTest"/>
</testsuite> <!-- com.training.regression.tests.Complex1DBTest -->
