<?xml version="1.0" encoding="UTF-8"?>
<!-- Generated by org.testng.reporters.JUnitReportReporter -->
<testsuite skipped="0" hostname="ashaarun" name="com.training.regression.tests.LoginDBTest" tests="2" failures="0" timestamp="26 Jun 2019 05:05:29 GMT" time="41.946" errors="0">
  <testcase name="loginDBTest" time="14.190" classname="com.training.regression.tests.LoginDBTest"/>
  <testcase name="loginDBTest" time="27.756" classname="com.training.regression.tests.LoginDBTest"/>
</testsuite> <!-- com.training.regression.tests.LoginDBTest -->
