<?xml version="1.0" encoding="UTF-8"?>
<!-- Generated by org.testng.reporters.JUnitReportReporter -->
<testsuite skipped="0" hostname="ashaarun" name="com.training.sanity.tests.Complex2Tests" tests="1" failures="0" timestamp="02 Jul 2019 08:01:36 GMT" time="124.904" errors="0">
  <testcase name="validLoginTest" time="124.904" classname="com.training.sanity.tests.Complex2Tests"/>
</testsuite> <!-- com.training.sanity.tests.Complex2Tests -->
