<?xml version="1.0" encoding="UTF-8"?>
<!-- Generated by org.testng.reporters.JUnitReportReporter -->
<testsuite hostname="ashaarun" name="com.training.sanity.tests.Medium3tests" tests="1" failures="0" timestamp="21 Jun 2019 07:50:43 GMT" time="41.302" errors="0">
  <testcase name="validLoginTest" time="41.302" classname="com.training.sanity.tests.Medium3tests"/>
</testsuite> <!-- com.training.sanity.tests.Medium3tests -->
