<?xml version="1.0" encoding="UTF-8"?>
<!-- Generated by org.testng.reporters.JUnitReportReporter -->
<testsuite hostname="ashaarun" name="com.training.sanity.tests.ReportsTests" tests="1" failures="0" timestamp="14 Jun 2019 07:54:11 GMT" time="18.928" errors="0">
  <testcase name="validLoginTest" time="18.928" classname="com.training.sanity.tests.ReportsTests"/>
</testsuite> <!-- com.training.sanity.tests.ReportsTests -->
