<?xml version="1.0" encoding="UTF-8"?>
<!-- Generated by org.testng.reporters.JUnitReportReporter -->
<testsuite hostname="ashaarun" name="com.training.sanity.tests.Medium4Tests" tests="1" failures="0" timestamp="24 Jun 2019 13:38:15 GMT" time="40.433" errors="0">
  <testcase name="validLoginTest" time="40.433" classname="com.training.sanity.tests.Medium4Tests"/>
</testsuite> <!-- com.training.sanity.tests.Medium4Tests -->
