<?xml version="1.0" encoding="UTF-8"?>
<!-- Generated by org.testng.reporters.JUnitReportReporter -->
<testsuite hostname="ashaarun" name="com.training.sanity.tests.ProductTests" tests="1" failures="0" timestamp="14 Jun 2019 04:23:44 GMT" time="53.517" errors="0">
  <testcase name="validLoginTest" time="53.517" classname="com.training.sanity.tests.ProductTests"/>
</testsuite> <!-- com.training.sanity.tests.ProductTests -->
