<?xml version="1.0" encoding="UTF-8"?>
<!-- Generated by org.testng.reporters.JUnitReportReporter -->
<testsuite hostname="ashaarun" name="com.training.sanity.tests.ProductDeleteTests" tests="1" failures="0" timestamp="17 Jun 2019 07:18:42 GMT" time="23.497" errors="0">
  <testcase name="validLoginTest" time="23.497" classname="com.training.sanity.tests.ProductDeleteTests"/>
</testsuite> <!-- com.training.sanity.tests.ProductDeleteTests -->
