<?xml version="1.0" encoding="UTF-8"?>
<!-- Generated by org.testng.reporters.JUnitReportReporter -->
<testsuite hostname="ashaarun" name="com.training.sanity.tests.Medium1Test" tests="1" failures="0" timestamp="20 Jun 2019 13:17:53 GMT" time="59.838" errors="0">
  <testcase name="validLoginTest" time="59.838" classname="com.training.sanity.tests.Medium1Test"/>
</testsuite> <!-- com.training.sanity.tests.Medium1Test -->
