<?xml version="1.0" encoding="UTF-8"?>
<!-- Generated by org.testng.reporters.JUnitReportReporter -->
<testsuite hostname="ashaarun" name="com.training.sanity.tests.LoginTests" tests="1" failures="0" timestamp="12 Jun 2019 04:52:53 GMT" time="30.006" errors="0">
  <testcase name="validLoginTest" time="30.006" classname="com.training.sanity.tests.LoginTests"/>
</testsuite> <!-- com.training.sanity.tests.LoginTests -->
